[INFO] Successfully loaded command: economy
[INFO] Successfully loaded command: leaderboard
[INFO] Successfully loaded command: profile
[INFO] Successfully loaded command: reminder
[INFO] Successfully loaded command: stats
[INFO] Successfully loaded command: todo
🕒 TimeTracker initialized
✅ StudyTime DB connection verified
✅ Successfully connected to Supabase PostgreSQL database!
✅ Bot is logging in...
✅ Logged in as AetherBot#2407
Leaderboard error: DiscordAPIError[40060]: Interaction has already been acknowledged.
    at handleErrors (/Users/mohi1038/AertherBot/node_modules/@discordjs/rest/dist/index.js:748:13)
    at process.processTicksAndRejections (node:internal/process/task_queues:104:5)
    at async BurstHandler.runRequest (/Users/mohi1038/AertherBot/node_modules/@discordjs/rest/dist/index.js:852:23)
    at async _REST.request (/Users/mohi1038/AertherBot/node_modules/@discordjs/rest/dist/index.js:1293:22)
    at async ChatInputCommandInteraction.deferReply (/Users/mohi1038/AertherBot/node_modules/discord.js/src/structures/interfaces/InteractionResponses.js:129:22)
    at async Object.execute (/Users/mohi1038/AertherBot/commands/leaderboard.js:12:7)
    at async Object.execute (/Users/mohi1038/AertherBot/events/interactionCreate.js:11:7) {
  requestBody: { files: undefined, json: { type: 5, data: [Object] } },
  rawError: {
    message: 'Interaction has already been acknowledged.',
    code: 40060
  },
  code: 40060,
  status: 400,
  method: 'POST',
  url: 'https://discord.com/api/v10/interactions/1486476962254950550/aW50ZXJhY3Rpb246MTQ4NjQ3Njk2MjI1NDk1MDU1MDp5b25FWlVOcTZ2OTQ0dFV3ajdVd3lwRkVKdmhUeFIzSWdsd0xnNUwxY3dhb1F1eEc3Wk01YzRMZ2xhWUM5SUdpdFVsRWNkNEVMU29tZlIxeVhSbUttMTFsQTQ5RDE3aWNPWXprSVlQMGxoYU9qdnVUazJIUkx6Njh5VnBoc0RHMA/callback?with_response=false'
}
Error executing leaderboard Error [InteractionNotReplied]: The reply to this interaction has not been sent or deferred.
    at ChatInputCommandInteraction.editReply (/Users/mohi1038/AertherBot/node_modules/discord.js/src/structures/interfaces/InteractionResponses.js:253:48)
    at Object.execute (/Users/mohi1038/AertherBot/commands/leaderboard.js:25:25)
    at process.processTicksAndRejections (node:internal/process/task_queues:104:5)
    at async Object.execute (/Users/mohi1038/AertherBot/events/interactionCreate.js:11:7) {
  code: 'InteractionNotReplied'
}
node:events:486
      throw er; // Unhandled 'error' event
      ^

DiscordAPIError[40060]: Interaction has already been acknowledged.
    at handleErrors (/Users/mohi1038/AertherBot/node_modules/@discordjs/rest/dist/index.js:748:13)
    at process.processTicksAndRejections (node:internal/process/task_queues:104:5)
    at async BurstHandler.runRequest (/Users/mohi1038/AertherBot/node_modules/@discordjs/rest/dist/index.js:852:23)
    at async _REST.request (/Users/mohi1038/AertherBot/node_modules/@discordjs/rest/dist/index.js:1293:22)
    at async ChatInputCommandInteraction.reply (/Users/mohi1038/AertherBot/node_modules/discord.js/src/structures/interfaces/InteractionResponses.js:200:22)
    at async Object.execute (/Users/mohi1038/AertherBot/events/interactionCreate.js:17:9)
Emitted 'error' event on Client instance at:
    at emitUnhandledRejectionOrErr (node:events:391:10)
    at process.processTicksAndRejections (node:internal/process/task_queues:92:21) {
  requestBody: {
    files: [],
    json: {
      type: 4,
      data: {
        content: 'There was an error while executing this command!',
        tts: false,
        nonce: undefined,
        enforce_nonce: false,
        embeds: undefined,
        components: undefined,
        username: undefined,
        avatar_url: undefined,
        allowed_mentions: undefined,
        flags: 64,
        message_reference: undefined,
        attachments: undefined,
        sticker_ids: undefined,
        thread_name: undefined,
        applied_tags: undefined,
        poll: undefined
      }
    }
  },
  rawError: {
    message: 'Interaction has already been acknowledged.',
    code: 40060
  },
  code: 40060,
  status: 400,
  method: 'POST',
  url: 'https://discord.com/api/v10/interactions/1486476962254950550/aW50ZXJhY3Rpb246MTQ4NjQ3Njk2MjI1NDk1MDU1MDp5b25FWlVOcTZ2OTQ0dFV3ajdVd3lwRkVKdmhUeFIzSWdsd0xnNUwxY3dhb1F1eEc3Wk01YzRMZ2xhWUM5SUdpdFVsRWNkNEVMU29tZlIxeVhSbUttMTFsQTQ5RDE3aWNPWXprSVlQMGxoYU9qdnVUazJIUkx6Njh5VnBoc0RHMA/callback?with_response=false'
}

Node.js v25.6.1
